#-----------------------------------------------------------
# Vivado v2020.2 (64-bit)
# SW Build 3064766 on Wed Nov 18 09:12:45 MST 2020
# IP Build 3064653 on Wed Nov 18 14:17:31 MST 2020
# Start of session at: Sat Feb 13 14:53:37 2021
# Process ID: 11536
# Current directory: E:/Documents/GitHub/ENEL-489/Labs/Lab-2/Task-1/B
# Command line: vivado.exe -gui_launcher_event rodinguilauncherevent11044 E:\Documents\GitHub\ENEL-489\Labs\Lab-2\Task-1\B\Q88IP.xpr
# Log file: E:/Documents/GitHub/ENEL-489/Labs/Lab-2/Task-1/B/vivado.log
# Journal file: E:/Documents/GitHub/ENEL-489/Labs/Lab-2/Task-1/B\vivado.jou
#-----------------------------------------------------------
start_gui
open_project E:/Documents/GitHub/ENEL-489/Labs/Lab-2/Task-1/B/Q88IP.xpr
WARNING: [filemgmt 56-3] Default IP Output Path : Could not find the directory 'E:/Documents/GitHub/ENEL-489/Labs/Lab-2/Task-1/B/Q88IP.gen/sources_1'.
WARNING: [filemgmt 56-3] IPUserFilesDir: Could not find the directory 'E:/Documents/GitHub/ENEL-489/Labs/Lab-2/Task-1/B/Q88IP.ip_user_files'.
Scanning sources...
Finished scanning sources
WARNING: [Project 1-509] GeneratedRun file for 'mult_gen_0_synth_1' not found
INFO: [IP_Flow 19-234] Refreshing IP repositories
INFO: [IP_Flow 19-1704] No user IP repositories specified
INFO: [IP_Flow 19-2313] Loaded Vivado IP repository 'E:/Xilinx_/Vivado/2020.2/data/ip'.
open_project: Time (s): cpu = 00:00:12 ; elapsed = 00:00:06 . Memory (MB): peak = 1016.508 ; gain = 0.000
update_compile_order -fileset sources_1
exit
INFO: [Common 17-206] Exiting Vivado at Sat Feb 13 14:54:24 2021...
