#-----------------------------------------------------------
# Vivado v2020.2 (64-bit)
# SW Build 3064766 on Wed Nov 18 09:12:45 MST 2020
# IP Build 3064653 on Wed Nov 18 14:17:31 MST 2020
# Start of session at: Fri Jan 29 08:58:28 2021
# Process ID: 8100
# Current directory: E:/Documents/GitHub/ENEL-489/Labs/Lab-1/Task-1
# Command line: vivado.exe -gui_launcher_event rodinguilauncherevent10700 E:\Documents\GitHub\ENEL-489\Labs\Lab-1\Task-1\Task-1_BACKUP.xpr
# Log file: E:/Documents/GitHub/ENEL-489/Labs/Lab-1/Task-1/vivado.log
# Journal file: E:/Documents/GitHub/ENEL-489/Labs/Lab-1/Task-1\vivado.jou
#-----------------------------------------------------------
start_gui
open_project E:/Documents/GitHub/ENEL-489/Labs/Lab-1/Task-1/Task-1_BACKUP.xpr
WARNING: [filemgmt 56-3] Default IP Output Path : Could not find the directory 'E:/Documents/GitHub/ENEL-489/Labs/Lab-1/Task-1/Task-1_BACKUP.gen/sources_1'.
WARNING: [filemgmt 56-3] IPUserFilesDir: Could not find the directory 'E:/Documents/GitHub/ENEL-489/Labs/Lab-1/Task-1/Task-1_BACKUP.ip_user_files'.
CRITICAL WARNING: [Project 1-19] Could not find the file 'E:/Documents/GitHub/ENEL-489/Labs/Lab-1/Task-1/Task-1_BACKUP.srcs/sources_1/new/Mod16Counter.vhd'.
Scanning sources...
Finished scanning sources
WARNING: [Project 1-509] GeneratedRun file for 'synth_1' not found
WARNING: [Project 1-509] GeneratedRun file for 'impl_1' not found
INFO: [IP_Flow 19-234] Refreshing IP repositories
INFO: [IP_Flow 19-1704] No user IP repositories specified
INFO: [IP_Flow 19-2313] Loaded Vivado IP repository 'E:/Xilinx_/Vivado/2020.2/data/ip'.
open_project: Time (s): cpu = 00:00:13 ; elapsed = 00:00:06 . Memory (MB): peak = 1019.922 ; gain = 0.000
update_compile_order -fileset sources_1
exit
INFO: [Common 17-206] Exiting Vivado at Fri Jan 29 08:59:01 2021...
