#-----------------------------------------------------------
# Vivado v2020.2 (64-bit)
# SW Build 3064766 on Wed Nov 18 09:12:45 MST 2020
# IP Build 3064653 on Wed Nov 18 14:17:31 MST 2020
# Start of session at: Sat Jan 30 20:36:53 2021
# Process ID: 2284
# Current directory: E:/Documents/GitHub/ENEL-489/Labs/Lab-1/Task-1
# Command line: vivado.exe -gui_launcher_event rodinguilauncherevent3084 E:\Documents\GitHub\ENEL-489\Labs\Lab-1\Task-1\Task-1.xpr
# Log file: E:/Documents/GitHub/ENEL-489/Labs/Lab-1/Task-1/vivado.log
# Journal file: E:/Documents/GitHub/ENEL-489/Labs/Lab-1/Task-1\vivado.jou
#-----------------------------------------------------------
start_gui
open_project E:/Documents/GitHub/ENEL-489/Labs/Lab-1/Task-1/Task-1.xpr
WARNING: [filemgmt 56-3] Default IP Output Path : Could not find the directory 'E:/Documents/GitHub/ENEL-489/Labs/Lab-1/Task-1/Task-1.gen/sources_1'.
Scanning sources...
Finished scanning sources
INFO: [IP_Flow 19-234] Refreshing IP repositories
INFO: [IP_Flow 19-1704] No user IP repositories specified
INFO: [IP_Flow 19-2313] Loaded Vivado IP repository 'E:/Xilinx_/Vivado/2020.2/data/ip'.
open_project: Time (s): cpu = 00:00:14 ; elapsed = 00:00:06 . Memory (MB): peak = 1005.137 ; gain = 0.000
update_compile_order -fileset sources_1
exexit
INFO: [Common 17-206] Exiting Vivado at Sat Jan 30 20:39:25 2021...
